[debug] [2018-12-04T17:56:07.036Z] ----------------------------------------------------------------------
[debug] [2018-12-04T17:56:07.041Z] Command:       C:\Program Files\nodejs\node.exe C:\Users\setup\AppData\Roaming\npm\node_modules\firebase-tools\lib\bin\firebase.js serve
[debug] [2018-12-04T17:56:07.041Z] CLI Version:   6.1.1
[debug] [2018-12-04T17:56:07.041Z] Platform:      win32
[debug] [2018-12-04T17:56:07.041Z] Node Version:  v10.14.1
[debug] [2018-12-04T17:56:07.043Z] Time:          Tue Dec 04 2018 11:56:07 GMT-0600 (Central Standard Time)
[debug] [2018-12-04T17:56:07.043Z] ----------------------------------------------------------------------
[debug] 
[debug] [2018-12-04T17:56:07.064Z] > command requires scopes: ["email","openid","https://www.googleapis.com/auth/cloudplatformprojects.readonly","https://www.googleapis.com/auth/firebase","https://www.googleapis.com/auth/cloud-platform"]
[debug] [2018-12-04T17:56:07.066Z] > authorizing via signed-in user
[debug] [2018-12-04T17:56:07.066Z] [iam] checking project washu-books for permissions ["firebase.projects.get"]
[debug] [2018-12-04T17:56:07.073Z] >>> HTTP REQUEST POST https://cloudresourcemanager.googleapis.com/v1/projects/washu-books:testIamPermissions  

[debug] [2018-12-04T17:56:07.562Z] <<< HTTP RESPONSE 200
[debug] [2018-12-04T17:56:07.565Z] >>> HTTP REQUEST GET https://cloudresourcemanager.googleapis.com/v1/projects/washu-books  
 
[debug] [2018-12-04T17:56:07.793Z] <<< HTTP RESPONSE 200
[info] 
[info] === Serving from 'C:\Users\setup\Desktop\CSE437S_Final_Project\public'...
[info] 
[info] i  functions: Preparing to emulate functions.
[debug] [2018-12-04T17:56:10.972Z] Fetching environment
[debug] [2018-12-04T17:56:10.978Z] >>> HTTP REQUEST GET https://mobilesdk-pa.googleapis.com/v1/projects/94731731491:getServerAppConfig  
 
[debug] [2018-12-04T17:56:10.983Z] >>> HTTP REQUEST GET https://mobilesdk-pa.googleapis.com/v1/projects/94731731491/clients/_:getWebAppConfig  
 
[debug] [2018-12-04T17:56:11.235Z] <<< HTTP RESPONSE 200
[debug] [2018-12-04T17:56:11.236Z] Starting @google-cloud/functions-emulator
[debug] [2018-12-04T17:56:11.321Z] <<< HTTP RESPONSE 200
[info] i  hosting: Serving hosting files from: index
[info] +  hosting: Local server: http://localhost:5000
[debug] [2018-12-04T17:56:16.178Z] Parsing function triggers
[info] i  functions: No HTTPS functions found. Use firebase functions:shell if you would like to emulate other types of functions.
